0 info it worked if it ends with ok
1 verbose cli [ 'C:\\Program Files\\nodejs\\\\node.exe',
1 verbose cli   'C:\\Program Files\\nodejs\\node_modules\\npm\\bin\\npm-cli.js',
1 verbose cli   'install',
1 verbose cli   'backbone.localStorage' ]
2 info using npm@1.3.14
3 info using node@v0.10.22
4 verbose node symlink C:\Program Files\nodejs\\node.exe
5 warn package.json backbone-handlebars-quiz@0.0.0 No description
6 warn package.json backbone-handlebars-quiz@0.0.0 No repository field.
7 warn package.json backbone-handlebars-quiz@0.0.0 No README data
8 verbose readDependencies using package.json deps
9 verbose cache add [ 'backbone.localStorage', null ]
10 verbose cache add name=undefined spec="backbone.localStorage" args=["backbone.localStorage",null]
11 verbose parsed url { protocol: null,
11 verbose parsed url   slashes: null,
11 verbose parsed url   auth: null,
11 verbose parsed url   host: null,
11 verbose parsed url   port: null,
11 verbose parsed url   hostname: null,
11 verbose parsed url   hash: null,
11 verbose parsed url   search: null,
11 verbose parsed url   query: null,
11 verbose parsed url   pathname: 'backbone.localStorage',
11 verbose parsed url   path: 'backbone.localStorage',
11 verbose parsed url   href: 'backbone.localStorage' }
12 silly lockFile 176c6b73-backbone-localStorage backbone.localStorage
13 verbose lock backbone.localStorage C:\Users\ac-hfilho\AppData\Roaming\npm-cache\176c6b73-backbone-localStorage.lock
14 silly lockFile 176c6b73-backbone-localStorage backbone.localStorage
15 silly lockFile 176c6b73-backbone-localStorage backbone.localStorage
16 verbose addNamed [ 'backbone.localStorage', '' ]
17 verbose addNamed [ null, '*' ]
18 silly lockFile 72307e60-backbone-localStorage backbone.localStorage@
19 verbose lock backbone.localStorage@ C:\Users\ac-hfilho\AppData\Roaming\npm-cache\72307e60-backbone-localStorage.lock
20 silly addNameRange { name: 'backbone.localStorage', range: '*', hasData: false }
21 verbose url raw backbone.localStorage
22 verbose url resolving [ 'https://registry.npmjs.org/', './backbone.localStorage' ]
23 verbose url resolved https://registry.npmjs.org/backbone.localStorage
24 info trying registry request attempt 1 at 15:41:22
25 http GET https://registry.npmjs.org/backbone.localStorage
26 http 404 https://registry.npmjs.org/backbone.localStorage
27 silly registry.get cb [ 404,
27 silly registry.get   { date: 'Thu, 30 Jan 2014 17:42:51 GMT',
27 silly registry.get     server: 'CouchDB/1.5.0 (Erlang OTP/R15B03)',
27 silly registry.get     'content-type': 'application/json',
27 silly registry.get     'cache-control': 'max-age=0',
27 silly registry.get     'content-length': '52',
27 silly registry.get     'accept-ranges': 'bytes',
27 silly registry.get     via: '1.1 varnish',
27 silly registry.get     age: '0',
27 silly registry.get     'x-served-by': 'cache-jfk1026-JFK',
27 silly registry.get     'x-cache': 'MISS',
27 silly registry.get     'x-cache-hits': '0',
27 silly registry.get     'x-timer': 'S1391103771.056963921,VS0,VE49',
27 silly registry.get     'keep-alive': 'timeout=10, max=50',
27 silly registry.get     connection: 'Keep-Alive' } ]
28 silly lockFile 72307e60-backbone-localStorage backbone.localStorage@
29 silly lockFile 72307e60-backbone-localStorage backbone.localStorage@
30 error 404 'backbone.localStorage' is not in the npm registry.
30 error 404 You should bug the author to publish it
30 error 404
30 error 404 Note that you can also install from a
30 error 404 tarball, folder, or http url, or git url.
31 error System Windows_NT 6.1.7601
32 error command "C:\\Program Files\\nodejs\\\\node.exe" "C:\\Program Files\\nodejs\\node_modules\\npm\\bin\\npm-cli.js" "install" "backbone.localStorage"
33 error cwd C:\Users\ac-hfilho\Documents\GitHub\backbone-handlebars-quiz
34 error node -v v0.10.22
35 error npm -v 1.3.14
36 error code E404
37 verbose exit [ 1, true ]
